* using log directory ‘/home/krzysiek/packages/parse-stan/parsestan.Rcheck’
* using R version 3.1.2 (2014-10-31)
* using platform: x86_64-pc-linux-gnu (64-bit)
* using session charset: UTF-8
* checking for file ‘parsestan/DESCRIPTION’ ... OK
* checking extension type ... Package
* this is package ‘parsestan’ version ‘1.0’
* checking CRAN incoming feasibility ... NOTE
Maintainer: ‘Krzysztof Sakrejda <sakrejda@umass.edu>’
New submission
* checking package namespace information ... OK
* checking package dependencies ... NOTE
  No repository set, so cyclic dependency check skipped
* checking if this is a source package ... OK
* checking if there is a namespace ... OK
* checking for executable files ... OK
* checking for hidden files and directories ... OK
* checking for portable file names ... OK
* checking for sufficient/correct file permissions ... OK
* checking whether package ‘parsestan’ can be installed ... OK
* checking installed package size ... OK
* checking package directory ... OK
* checking DESCRIPTION meta-information ... NOTE
'LinkingTo' field is unused: package has no 'src' directory
* checking top-level files ... OK
* checking for left-over files ... OK
* checking index information ... OK
* checking package subdirectories ... OK
* checking R files for non-ASCII characters ... OK
* checking R files for syntax errors ... OK
* checking whether the package can be loaded ... OK
* checking whether the package can be loaded with stated dependencies ... OK
* checking whether the package can be unloaded cleanly ... OK
* checking whether the namespace can be loaded with stated dependencies ... OK
* checking whether the namespace can be unloaded cleanly ... OK
* checking loading without being on the library search path ... OK
* checking dependencies in R code ... NOTE
Packages in Depends field not imported from:
  ‘digest’ ‘integrator’
  These packages need to be imported from (in the NAMESPACE file)
  for when this namespace is loaded but not attached.
package 'methods' is used but not declared
See the information on DESCRIPTION files in the chapter ‘Creating R
packages’ of the ‘Writing R Extensions’ manual.
* checking S3 generic/method consistency ... OK
* checking replacement functions ... OK
* checking foreign function calls ... OK
* checking R code for possible problems ... NOTE
generate_dimensions: no visible global function definition for ‘%>%’
grab_imm_diagonal: no visible global function definition for ‘%>%’
[,stan_commander-character: no visible binding for global variable
  ‘output’
* checking Rd files ... OK
* checking Rd metadata ... OK
* checking Rd line widths ... OK
* checking Rd cross-references ... OK
* checking for missing documentation entries ... OK
* checking for code/documentation mismatches ... OK
* checking Rd \usage sections ... OK
* checking Rd contents ... OK
* checking for unstated dependencies in examples ... OK
* checking examples ... ERROR
Running examples in ‘parsestan-Ex.R’ failed
The error most likely occurred in:

> base::assign(".ptime", proc.time(), pos = "CheckExEnv")
> ### Name: parse_parameters
> ### Title: Takes names from Stan .csv files and produces an object with
> ###   parsed info from comments as well as parameter/transformed parameter
> ###   names, a matched R object class, and object dimensions.
> ### Aliases: parse_parameters
> 
> ### ** Examples
> 
> parameters <- parse_parameters(file='/tmp/stan.csv')
Warning in file(con, "r") :
  cannot open file '/tmp/stan.csv': No such file or directory
Error in file(con, "r") : cannot open the connection
Calls: parse_parameters -> readLines -> file
Execution halted
